<?xml version="1.0" encoding="UTF-8"?>
<!-- Generated by org.testng.reporters.JUnitXMLReporter -->
<testsuite hostname="NI-CR-ALM-14253" ignored="0" name="Surefire test" tests="6" failures="0" timestamp="2020-09-26T19:10:28 BST" time="0.08" errors="0">
  <testcase name="iosApps" time="0.007" classname="qaclickacademy.Mavenjava.AppiumTest"/>
  <testcase name="nativeAppAndroid" time="0.0" classname="qaclickacademy.Mavenjava.AppiumTest"/>
  <testcase name="deleteTwitter" time="0.001" classname="qaclickacademy.Mavenjava.RestAPITest"/>
  <testcase name="postJira" time="0.0" classname="qaclickacademy.Mavenjava.RestAPITest"/>
  <testcase name="browserAutomation" time="0.0" classname="qaclickacademy.Mavenjava.SeleniumTest"/>
  <testcase name="elementsUi" time="0.001" classname="qaclickacademy.Mavenjava.SeleniumTest"/>
</testsuite> <!-- Surefire test -->
