<?xml version="1.0" encoding="UTF-8"?>
<!-- Generated by org.testng.reporters.JUnitXMLReporter -->
<testsuite hostname="NI-CR-ALM-14253" ignored="0" name="Test" tests="6" failures="0" timestamp="2020-09-26T18:49:28 BST" time="0.147" errors="0">
  <testcase name="deleteTwitter" time="0.047" classname="qaclickacademy.Mavenjava.RestAPITest"/>
  <testcase name="postJira" time="0.002" classname="qaclickacademy.Mavenjava.RestAPITest"/>
  <testcase name="iosApps" time="0.001" classname="qaclickacademy.Mavenjava.AppiumTest"/>
  <testcase name="nativeAppAndroid" time="0.002" classname="qaclickacademy.Mavenjava.AppiumTest"/>
  <testcase name="browserAutomation" time="0.002" classname="qaclickacademy.Mavenjava.SeleniumTest"/>
  <testcase name="elementsUi" time="0.001" classname="qaclickacademy.Mavenjava.SeleniumTest"/>
</testsuite> <!-- Test -->
