<?xml version="1.0" encoding="UTF-8"?>
<testng-results skipped="0" failed="0" ignored="0" total="4" passed="4">
  <reporter-output>
  </reporter-output>
  <suite name="Suite" duration-ms="60" started-at="2020-09-26T19:11:25 BST" finished-at="2020-09-26T19:11:25 BST">
    <groups>
    </groups>
    <test name="Test" duration-ms="60" started-at="2020-09-26T19:11:25 BST" finished-at="2020-09-26T19:11:25 BST">
      <class name="qaclickacademy.Mavenjava.RestAPITest">
        <test-method status="PASS" signature="deleteTwitter()[pri:0, instance:qaclickacademy.Mavenjava.RestAPITest@1d29cf23]" name="deleteTwitter" duration-ms="6" started-at="2020-09-26T19:11:25 BST" finished-at="2020-09-26T19:11:25 BST">
          <reporter-output>
          </reporter-output>
        </test-method> <!-- deleteTwitter -->
        <test-method status="PASS" signature="postJira()[pri:0, instance:qaclickacademy.Mavenjava.RestAPITest@1d29cf23]" name="postJira" duration-ms="0" started-at="2020-09-26T19:11:25 BST" finished-at="2020-09-26T19:11:25 BST">
          <reporter-output>
          </reporter-output>
        </test-method> <!-- postJira -->
      </class> <!-- qaclickacademy.Mavenjava.RestAPITest -->
      <class name="qaclickacademy.Mavenjava.AppiumTest">
        <test-method status="PASS" signature="iosApps()[pri:0, instance:qaclickacademy.Mavenjava.AppiumTest@5f282abb]" name="iosApps" duration-ms="0" started-at="2020-09-26T19:11:25 BST" finished-at="2020-09-26T19:11:25 BST">
          <reporter-output>
          </reporter-output>
        </test-method> <!-- iosApps -->
        <test-method status="PASS" signature="nativeAppAndroid()[pri:0, instance:qaclickacademy.Mavenjava.AppiumTest@5f282abb]" name="nativeAppAndroid" duration-ms="1" started-at="2020-09-26T19:11:25 BST" finished-at="2020-09-26T19:11:25 BST">
          <reporter-output>
          </reporter-output>
        </test-method> <!-- nativeAppAndroid -->
      </class> <!-- qaclickacademy.Mavenjava.AppiumTest -->
    </test> <!-- Test -->
  </suite> <!-- Suite -->
</testng-results>
